<?xml version="1.0" encoding="UTF-8"?>
<!-- Generated by org.testng.reporters.JUnitReportReporter -->
<testsuite hostname="DESKTOP-V1HFTJ3" failures="0" tests="1" name="TestNGwithJenkins.Excel_Configure" time="0.015" errors="0" timestamp="2022-10-08T23:54:54 IST" skipped="0">
  <testcase classname="TestNGwithJenkins.Excel_Configure" name="Excel_Configure_TestData" time="0.015"/>
  <system-out/>
</testsuite> <!-- TestNGwithJenkins.Excel_Configure -->
