<?xml version="1.0" encoding="UTF-8"?>
<!-- Generated by org.testng.reporters.JUnitReportReporter -->
<testsuite hostname="DESKTOP-V1HFTJ3" failures="0" tests="1" name="CoverProgramming.DataTypeConverting" time="0.011" errors="0" timestamp="2022-11-03T21:51:23 IST" skipped="0">
  <testcase classname="CoverProgramming.DataTypeConverting" name="name" time="0.011"/>
  <system-out/>
</testsuite> <!-- CoverProgramming.DataTypeConverting -->
