<?xml version="1.0" encoding="UTF-8"?>
<!-- Generated by org.testng.reporters.JUnitReportReporter -->
<testsuite hostname="DESKTOP-V1HFTJ3" failures="0" tests="1" name="TestNGwithJenkins.ClassExcel" time="0.892" errors="0" timestamp="2022-10-10T21:58:10 IST" skipped="0">
  <testcase classname="TestNGwithJenkins.ClassExcel" name="Excel_Read" time="0.892"/>
  <system-out/>
</testsuite> <!-- TestNGwithJenkins.ClassExcel -->
