<?xml version="1.0" encoding="UTF-8"?>
<!-- Generated by org.testng.reporters.JUnitReportReporter -->
<testsuite hostname="DESKTOP-V1HFTJ3" failures="0" tests="1" name="CoverProgramming.FindNumberofOccurance" time="0.000" errors="0" timestamp="2022-10-16T22:22:41 IST" skipped="0">
  <testcase classname="CoverProgramming.FindNumberofOccurance" name="CharOccurance" time="0.000"/>
  <system-out/>
</testsuite> <!-- CoverProgramming.FindNumberofOccurance -->
