<?xml version="1.0" encoding="UTF-8"?>
<!-- Generated by org.testng.reporters.JUnitReportReporter -->
<testsuite hostname="DESKTOP-V1HFTJ3" failures="0" tests="1" name="CoverProgramming.SwapNoWithoutUsing3rd" time="0.013" errors="0" timestamp="2022-10-13T00:22:10 IST" skipped="0">
  <testcase classname="CoverProgramming.SwapNoWithoutUsing3rd" name="Dv" time="0.013"/>
  <system-out/>
</testsuite> <!-- CoverProgramming.SwapNoWithoutUsing3rd -->
