<?xml version="1.0" encoding="UTF-8"?>
<!-- Generated by org.testng.reporters.JUnitReportReporter -->
<testsuite hostname="DESKTOP-V1HFTJ3" failures="0" tests="1" name="CoverProgrmming1.CovertDataTyps" time="0.009" errors="0" timestamp="2022-11-15T22:28:14 IST" skipped="0">
  <testcase classname="CoverProgrmming1.CovertDataTyps" name="name" time="0.009"/>
  <system-out/>
</testsuite> <!-- CoverProgrmming1.CovertDataTyps -->
