<?xml version="1.0" encoding="UTF-8"?>
<!-- Generated by org.testng.reporters.JUnitReportReporter -->
<testsuite hostname="DESKTOP-V1HFTJ3" failures="0" tests="1" name="CoverProgramming.MaxNumberByCollections" time="0.011" errors="0" timestamp="2022-10-12T22:40:17 IST" skipped="0">
  <testcase classname="CoverProgramming.MaxNumberByCollections" name="Collections_Max" time="0.011"/>
  <system-out/>
</testsuite> <!-- CoverProgramming.MaxNumberByCollections -->
