<?xml version="1.0" encoding="UTF-8"?>
<!-- Generated by org.testng.reporters.JUnitReportReporter -->
<testsuite hostname="DESKTOP-V1HFTJ3" failures="0" tests="1" name="CoverProgramming.Primeornot" time="0.024" errors="0" timestamp="2022-11-03T10:50:58 IST" skipped="0">
  <testcase classname="CoverProgramming.Primeornot" name="PorNot" time="0.024"/>
  <system-out/>
</testsuite> <!-- CoverProgramming.Primeornot -->
