<?xml version="1.0" encoding="UTF-8"?>
<!-- Generated by org.testng.reporters.JUnitReportReporter -->
<testsuite hostname="DESKTOP-V1HFTJ3" failures="0" tests="1" name="CoverProgramming.FindDuplicateInString" time="0.008" errors="0" timestamp="2022-11-15T21:08:19 IST" skipped="0">
  <testcase classname="CoverProgramming.FindDuplicateInString" name="Find_Duplicate" time="0.008"/>
  <system-out/>
</testsuite> <!-- CoverProgramming.FindDuplicateInString -->
