<?xml version="1.0" encoding="UTF-8"?>
<!-- Generated by org.testng.reporters.JUnitReportReporter -->
<testsuite hostname="DESKTOP-V1HFTJ3" failures="0" tests="1" name="CoverProgramming.FIndDuplicate" time="0.008" errors="0" timestamp="2022-10-10T23:45:25 IST" skipped="0">
  <testcase classname="CoverProgramming.FIndDuplicate" name="Find_the_duplicate" time="0.008"/>
  <system-out/>
</testsuite> <!-- CoverProgramming.FIndDuplicate -->
