<?xml version="1.0" encoding="UTF-8"?>
<!-- Generated by org.testng.reporters.JUnitReportReporter -->
<testsuite hostname="DESKTOP-V1HFTJ3" failures="0" tests="1" name="TestNGwithJenkins.Read_Word" time="0.015" errors="0" timestamp="2022-10-10T22:09:41 IST" skipped="0">
  <testcase classname="TestNGwithJenkins.Read_Word" name="Wordfile" time="0.015"/>
  <system-out/>
</testsuite> <!-- TestNGwithJenkins.Read_Word -->
