<?xml version="1.0" encoding="UTF-8"?>
<!-- Generated by org.testng.reporters.JUnitReportReporter -->
<testsuite hostname="DESKTOP-V1HFTJ3" failures="0" tests="1" name="TestNGwithJenkins.TakeScreenShot" time="12.962" errors="0" timestamp="2022-10-10T23:38:11 IST" skipped="0">
  <testcase classname="TestNGwithJenkins.TakeScreenShot" name="takeScreenshot" time="12.962"/>
  <system-out/>
</testsuite> <!-- TestNGwithJenkins.TakeScreenShot -->
