<?xml version="1.0" encoding="UTF-8"?>
<!-- Generated by org.testng.reporters.JUnitReportReporter -->
<testsuite hostname="DESKTOP-V1HFTJ3" failures="0" tests="1" name="Base_TestAutomation_Project.Initinitize_Base" time="22.554" errors="0" timestamp="2022-09-22T21:48:19 IST" skipped="0">
  <testcase classname="Base_TestAutomation_Project.Initinitize_Base" name="Launch_Browsers" time="22.554"/>
  <system-out/>
</testsuite> <!-- Base_TestAutomation_Project.Initinitize_Base -->
