<?xml version="1.0" encoding="UTF-8"?>
<!-- Generated by org.testng.reporters.JUnitReportReporter -->
<testsuite hostname="DESKTOP-V1HFTJ3" failures="0" tests="1" name="Base_Window_Handling.DoubleClick" time="7.168" errors="0" timestamp="2022-10-04T22:00:38 IST" skipped="0">
  <testcase classname="Base_Window_Handling.DoubleClick" name="DoubleClick" time="7.168"/>
  <system-out/>
</testsuite> <!-- Base_Window_Handling.DoubleClick -->
